<?xml version="1.0" encoding="UTF-8"?>
<testsuite xmlns:xsi="http://www.w3.org/2001/XMLSchema-instance" xsi:noNamespaceSchemaLocation="https://maven.apache.org/surefire/maven-surefire-plugin/xsd/surefire-test-report-3.0.xsd" version="3.0" name="com.trybe.acc.java.sistemarh.PessoaColaboradoraTest" time="0.046" tests="4" errors="0" skipped="0" failures="0">
  <properties>
    <property name="sun.desktop" value="gnome"/>
    <property name="awt.toolkit" value="sun.awt.X11.XToolkit"/>
    <property name="java.specification.version" value="11"/>
    <property name="sun.cpu.isalist" value=""/>
    <property name="sun.jnu.encoding" value="UTF-8"/>
    <property name="java.class.path" value="/home/vinicius/aceleracao-java/Desafios-regulares/JUnit/acc-java-05-exercises-sistema-rh/target/test-classes:/home/vinicius/aceleracao-java/Desafios-regulares/JUnit/acc-java-05-exercises-sistema-rh/target/classes:/home/vinicius/.m2/repository/org/junit/jupiter/junit-jupiter/5.4.2/junit-jupiter-5.4.2.jar:/home/vinicius/.m2/repository/org/junit/jupiter/junit-jupiter-params/5.4.2/junit-jupiter-params-5.4.2.jar:/home/vinicius/.m2/repository/org/junit/jupiter/junit-jupiter-api/5.4.2/junit-jupiter-api-5.4.2.jar:/home/vinicius/.m2/repository/org/apiguardian/apiguardian-api/1.0.0/apiguardian-api-1.0.0.jar:/home/vinicius/.m2/repository/org/opentest4j/opentest4j/1.1.1/opentest4j-1.1.1.jar:/home/vinicius/.m2/repository/org/junit/platform/junit-platform-commons/1.4.2/junit-platform-commons-1.4.2.jar:/home/vinicius/.m2/repository/org/junit/jupiter/junit-jupiter-engine/5.4.2/junit-jupiter-engine-5.4.2.jar:/home/vinicius/.m2/repository/org/junit/platform/junit-platform-engine/1.4.2/junit-platform-engine-1.4.2.jar:"/>
    <property name="java.vm.vendor" value="Ubuntu"/>
    <property name="sun.arch.data.model" value="64"/>
    <property name="java.vendor.url" value="https://ubuntu.com/"/>
    <property name="user.timezone" value=""/>
    <property name="java.vm.specification.version" value="11"/>
    <property name="os.name" value="Linux"/>
    <property name="sun.java.launcher" value="SUN_STANDARD"/>
    <property name="user.country" value="BR"/>
    <property name="sun.boot.library.path" value="/usr/lib/jvm/java-11-openjdk-amd64/lib"/>
    <property name="sun.java.command" value="/home/vinicius/aceleracao-java/Desafios-regulares/JUnit/acc-java-05-exercises-sistema-rh/target/surefire/surefirebooter11403865038690525504.jar /home/vinicius/aceleracao-java/Desafios-regulares/JUnit/acc-java-05-exercises-sistema-rh/target/surefire 2022-08-31T15-50-35_232-jvmRun1 surefire11207547823070549041tmp surefire_010932563395985403857tmp"/>
    <property name="jdk.debug" value="release"/>
    <property name="surefire.test.class.path" value="/home/vinicius/aceleracao-java/Desafios-regulares/JUnit/acc-java-05-exercises-sistema-rh/target/test-classes:/home/vinicius/aceleracao-java/Desafios-regulares/JUnit/acc-java-05-exercises-sistema-rh/target/classes:/home/vinicius/.m2/repository/org/junit/jupiter/junit-jupiter/5.4.2/junit-jupiter-5.4.2.jar:/home/vinicius/.m2/repository/org/junit/jupiter/junit-jupiter-params/5.4.2/junit-jupiter-params-5.4.2.jar:/home/vinicius/.m2/repository/org/junit/jupiter/junit-jupiter-api/5.4.2/junit-jupiter-api-5.4.2.jar:/home/vinicius/.m2/repository/org/apiguardian/apiguardian-api/1.0.0/apiguardian-api-1.0.0.jar:/home/vinicius/.m2/repository/org/opentest4j/opentest4j/1.1.1/opentest4j-1.1.1.jar:/home/vinicius/.m2/repository/org/junit/platform/junit-platform-commons/1.4.2/junit-platform-commons-1.4.2.jar:/home/vinicius/.m2/repository/org/junit/jupiter/junit-jupiter-engine/5.4.2/junit-jupiter-engine-5.4.2.jar:/home/vinicius/.m2/repository/org/junit/platform/junit-platform-engine/1.4.2/junit-platform-engine-1.4.2.jar:"/>
    <property name="sun.cpu.endian" value="little"/>
    <property name="user.home" value="/home/vinicius"/>
    <property name="user.language" value="pt"/>
    <property name="java.specification.vendor" value="Oracle Corporation"/>
    <property name="java.version.date" value="2022-07-19"/>
    <property name="java.home" value="/usr/lib/jvm/java-11-openjdk-amd64"/>
    <property name="file.separator" value="/"/>
    <property name="basedir" value="/home/vinicius/aceleracao-java/Desafios-regulares/JUnit/acc-java-05-exercises-sistema-rh"/>
    <property name="java.vm.compressedOopsMode" value="Zero based"/>
    <property name="line.separator" value="&#10;"/>
    <property name="java.specification.name" value="Java Platform API Specification"/>
    <property name="java.vm.specification.vendor" value="Oracle Corporation"/>
    <property name="java.awt.graphicsenv" value="sun.awt.X11GraphicsEnvironment"/>
    <property name="surefire.real.class.path" value="/home/vinicius/aceleracao-java/Desafios-regulares/JUnit/acc-java-05-exercises-sistema-rh/target/surefire/surefirebooter11403865038690525504.jar"/>
    <property name="sun.management.compiler" value="HotSpot 64-Bit Tiered Compilers"/>
    <property name="java.runtime.version" value="11.0.16+8-post-Ubuntu-0ubuntu122.04"/>
    <property name="user.name" value="vinicius"/>
    <property name="path.separator" value=":"/>
    <property name="os.version" value="5.15.0-46-generic"/>
    <property name="java.runtime.name" value="OpenJDK Runtime Environment"/>
    <property name="skipCoverage" value="true"/>
    <property name="file.encoding" value="UTF-8"/>
    <property name="java.vm.name" value="OpenJDK 64-Bit Server VM"/>
    <property name="localRepository" value="/home/vinicius/.m2/repository"/>
    <property name="java.vendor.url.bug" value="https://bugs.launchpad.net/ubuntu/+source/openjdk-lts"/>
    <property name="java.io.tmpdir" value="/tmp"/>
    <property name="java.version" value="11.0.16"/>
    <property name="user.dir" value="/home/vinicius/aceleracao-java/Desafios-regulares/JUnit/acc-java-05-exercises-sistema-rh"/>
    <property name="os.arch" value="amd64"/>
    <property name="java.vm.specification.name" value="Java Virtual Machine Specification"/>
    <property name="java.awt.printerjob" value="sun.print.PSPrinterJob"/>
    <property name="sun.os.patch.level" value="unknown"/>
    <property name="java.library.path" value="/usr/java/packages/lib:/usr/lib/x86_64-linux-gnu/jni:/lib/x86_64-linux-gnu:/usr/lib/x86_64-linux-gnu:/usr/lib/jni:/lib:/usr/lib"/>
    <property name="java.vm.info" value="mixed mode, sharing"/>
    <property name="java.vendor" value="Ubuntu"/>
    <property name="java.vm.version" value="11.0.16+8-post-Ubuntu-0ubuntu122.04"/>
    <property name="sun.io.unicode.encoding" value="UnicodeLittle"/>
    <property name="java.class.version" value="55.0"/>
    <property name="maven.test.failure.ignore" value="true"/>
  </properties>
  <testcase name="Testa o valor do imposto ao longo de x anos" classname="com.trybe.acc.java.sistemarh.PessoaColaboradoraTest" time="0.03"/>
  <testcase name="T" classname="com.trybe.acc.java.sistemarh.PessoaColaboradoraTest" time="0"/>
  <testcase name="Testa o salário líquido anual ao longo de x anos" classname="com.trybe.acc.java.sistemarh.PessoaColaboradoraTest" time="0.001"/>
  <testcase name="Testa se a função obtem o salário liquido corretamente" classname="com.trybe.acc.java.sistemarh.PessoaColaboradoraTest" time="0.002"/>
</testsuite>